<?xml version="1.0" encoding="UTF-8"?>
<testng-results skipped="0" failed="0" ignored="0" total="1" passed="1">
  <reporter-output>
  </reporter-output>
  <suite name="Default suite" duration-ms="16728" started-at="2023-02-04T21:06:00Z" finished-at="2023-02-04T21:06:17Z">
    <groups>
    </groups>
    <test name="Default test" duration-ms="16728" started-at="2023-02-04T21:06:00Z" finished-at="2023-02-04T21:06:17Z">
      <class name="com.OrangCRM.tests.LogIn">
        <test-method status="PASS" signature="test1_Successfullogin()[pri:0, instance:com.OrangCRM.tests.LogIn@9353778]" name="test1_Successfullogin" duration-ms="16704" started-at="2023-02-04T21:06:00Z" finished-at="2023-02-04T21:06:17Z">
          <reporter-output>
          </reporter-output>
        </test-method> <!-- test1_Successfullogin -->
      </class> <!-- com.OrangCRM.tests.LogIn -->
    </test> <!-- Default test -->
  </suite> <!-- Default suite -->
</testng-results>
